
/home/runner/work/exp-detecting-tor-browser-au/exp-detecting-tor-browser-au/experiment/simulation/js/index-vz_uZ1Rq.js
     57:7   warning  'global' is not defined                                                          no-undef
    148:28  warning  Do not access Object.prototype method 'hasOwnProperty' from target object        no-prototype-builtins
    361:14  warning  Do not access Object.prototype method 'hasOwnProperty' from target object        no-prototype-builtins
    490:39  warning  Do not access Object.prototype method 'hasOwnProperty' from target object        no-prototype-builtins
    582:38  warning  'setImmediate' is not defined                                                    no-undef
    843:5   warning  Unexpected combined character in character class                                 no-misleading-character-class
    940:12  warning  Unnecessary escape character: \-                                                 no-useless-escape
    976:13  warning  Do not access Object.prototype method 'hasOwnProperty' from target object        no-prototype-builtins
   1110:11  warning  Expected a conditional expression and instead saw an assignment                  no-cond-assign
   1175:17  warning  Empty block statement                                                            no-empty
   1259:8   warning  Do not access Object.prototype method 'hasOwnProperty' from target object        no-prototype-builtins
   1352:5   warning  Do not access Object.prototype method 'hasOwnProperty' from target object        no-prototype-builtins
   1354:9   warning  Do not access Object.prototype method 'hasOwnProperty' from target object        no-prototype-builtins
   1360:9   warning  Do not access Object.prototype method 'hasOwnProperty' from target object        no-prototype-builtins
   1360:38  warning  Do not access Object.prototype method 'hasOwnProperty' from target object        no-prototype-builtins
   1390:14  warning  Do not access Object.prototype method 'hasOwnProperty' from target object        no-prototype-builtins
   1459:34  warning  'MSApp' is not defined                                                           no-undef
   1461:11  warning  'MSApp' is not defined                                                           no-undef
   1545:51  warning  Do not access Object.prototype method 'hasOwnProperty' from target object        no-prototype-builtins
   1552:11  warning  Do not access Object.prototype method 'hasOwnProperty' from target object        no-prototype-builtins
   1691:7   warning  Expected to return a value in method 'get'                                       getter-return
   1700:22  warning  '_' is defined but never used                                                    no-unused-vars
   1700:25  warning  '$' is defined but never used                                                    no-unused-vars
   1700:28  warning  '_e' is defined but never used                                                   no-unused-vars
   1700:32  warning  'et' is defined but never used                                                   no-unused-vars
   1700:36  warning  'tt' is defined but never used                                                   no-unused-vars
   1700:40  warning  'rt' is defined but never used                                                   no-unused-vars
   1717:13  warning  'a' is defined but never used                                                    no-unused-vars
   1717:16  warning  'o' is defined but never used                                                    no-unused-vars
   1717:19  warning  's' is defined but never used                                                    no-unused-vars
   1717:22  warning  '_' is defined but never used                                                    no-unused-vars
   1717:25  warning  '$' is defined but never used                                                    no-unused-vars
   1717:28  warning  '_e' is defined but never used                                                   no-unused-vars
   1717:32  warning  'et' is defined but never used                                                   no-unused-vars
   1717:36  warning  'tt' is defined but never used                                                   no-unused-vars
   1717:40  warning  'rt' is defined but never used                                                   no-unused-vars
   1720:13  warning  'a' is defined but never used                                                    no-unused-vars
   1720:16  warning  'o' is defined but never used                                                    no-unused-vars
   1720:19  warning  's' is defined but never used                                                    no-unused-vars
   1720:22  warning  '_' is defined but never used                                                    no-unused-vars
   1720:25  warning  '$' is defined but never used                                                    no-unused-vars
   1720:28  warning  '_e' is defined but never used                                                   no-unused-vars
   1720:32  warning  'et' is defined but never used                                                   no-unused-vars
   1720:36  warning  'tt' is defined but never used                                                   no-unused-vars
   1720:40  warning  'rt' is defined but never used                                                   no-unused-vars
   1841:13  warning  Empty block statement                                                            no-empty
   2375:9   warning  Do not access Object.prototype method 'hasOwnProperty' from target object        no-prototype-builtins
   2396:39  warning  Invalid typeof comparison value                                                  valid-typeof
   2404:40  warning  Invalid typeof comparison value                                                  valid-typeof
   2539:56  warning  Expected a conditional expression and instead saw an assignment                  no-cond-assign
   2957:22  warning  Do not access Object.prototype method 'hasOwnProperty' from target object        no-prototype-builtins
   3142:11  warning  Expected a 'break' statement before 'case'                                       no-fallthrough
   3158:11  warning  Expected a 'break' statement before 'case'                                       no-fallthrough
   3252:18  warning  Expected a conditional expression and instead saw an assignment                  no-cond-assign
   3352:9   warning  Expected a 'break' statement before 'case'                                       no-fallthrough
   3440:8   warning  Unexpected control character(s) in regular expression: \x00                      no-control-regex
   4416:13  warning  Expected a 'break' statement before 'case'                                       no-fallthrough
   4453:14  warning  Unexpected constant condition                                                    no-constant-condition
   4493:12  warning  Expected a conditional expression and instead saw an assignment                  no-cond-assign
   4936:15  warning  Empty block statement                                                            no-empty
   4937:17  warning  Empty block statement                                                            no-empty
   5148:13  warning  Expected a conditional expression and instead saw an assignment                  no-cond-assign
   5201:16  warning  Expected a conditional expression and instead saw an assignment                  no-cond-assign
   5496:12  warning  Expected a conditional expression and instead saw an assignment                  no-cond-assign
   5541:10  warning  Expected a conditional expression and instead saw an assignment                  no-cond-assign
   6006:14  warning  Do not access Object.prototype method 'hasOwnProperty' from target object        no-prototype-builtins
   6006:38  warning  Do not access Object.prototype method 'hasOwnProperty' from target object        no-prototype-builtins
   6009:29  warning  Do not access Object.prototype method 'hasOwnProperty' from target object        no-prototype-builtins
   6016:17  warning  Do not access Object.prototype method 'hasOwnProperty' from target object        no-prototype-builtins
   6023:11  warning  Do not access Object.prototype method 'hasOwnProperty' from target object        no-prototype-builtins
   6028:19  warning  Do not access Object.prototype method 'hasOwnProperty' from target object        no-prototype-builtins
   6029:27  warning  Do not access Object.prototype method 'hasOwnProperty' from target object        no-prototype-builtins
   6032:18  warning  Do not access Object.prototype method 'hasOwnProperty' from target object        no-prototype-builtins
   6046:19  warning  Do not access Object.prototype method 'hasOwnProperty' from target object        no-prototype-builtins
   6184:20  warning  Do not access Object.prototype method 'hasOwnProperty' from target object        no-prototype-builtins
   6197:22  warning  Do not access Object.prototype method 'hasOwnProperty' from target object        no-prototype-builtins
   6282:22  warning  Do not access Object.prototype method 'hasOwnProperty' from target object        no-prototype-builtins
   6295:25  warning  Do not access Object.prototype method 'hasOwnProperty' from target object        no-prototype-builtins
   6804:13  warning  Empty block statement                                                            no-empty
   6808:5   warning  Expected a 'break' statement before 'case'                                       no-fallthrough
   7119:42  warning  Do not access Object.prototype method 'hasOwnProperty' from target object        no-prototype-builtins
   7200:16  warning  'o' is defined but never used                                                    no-unused-vars
   7200:19  warning  's' is defined but never used                                                    no-unused-vars
   7203:16  warning  'o' is defined but never used                                                    no-unused-vars
   7203:19  warning  's' is defined but never used                                                    no-unused-vars
   7516:12  warning  Unexpected constant condition                                                    no-constant-condition
   7867:12  warning  Unexpected constant condition                                                    no-constant-condition
   7889:10  warning  Unexpected constant condition                                                    no-constant-condition
   8115:19  warning  Empty block statement                                                            no-empty
   8938:1   warning  'Gb' is a function                                                               no-func-assign
   8939:1   warning  'Hb' is a function                                                               no-func-assign
   8974:12  warning  '__REACT_DEVTOOLS_GLOBAL_HOOK__' is not defined                                  no-undef
   8978:13  warning  Empty block statement                                                            no-empty
   9075:14  warning  '__REACT_DEVTOOLS_GLOBAL_HOOK__' is not defined                                  no-undef
   9079:7   warning  '__REACT_DEVTOOLS_GLOBAL_HOOK__' is not defined                                  no-undef
   9203:34  warning  'ct' is assigned a value but never used                                          no-unused-vars
   9265:32  warning  'o' is defined but never used                                                    no-unused-vars
   9380:28  warning  '__g' is not defined                                                             no-undef
   9384:28  warning  '__e' is not defined                                                             no-undef
   9509:21  warning  Empty block statement                                                            no-empty
   9612:29  warning  Do not access Object.prototype method 'propertyIsEnumerable' from target object  no-prototype-builtins
   9758:25  warning  'nt' is defined but never used                                                   no-unused-vars
  10273:17  warning  Empty block statement                                                            no-empty
  10891:16  warning  '_typeof$6' is a function                                                        no-func-assign
  10894:16  warning  '_typeof$6' is a function                                                        no-func-assign
  11156:16  warning  '_typeof$5' is a function                                                        no-func-assign
  11159:16  warning  '_typeof$5' is a function                                                        no-func-assign
  11533:33  warning  Empty block statement                                                            no-empty
  11913:16  warning  '_typeof$4' is a function                                                        no-func-assign
  11916:16  warning  '_typeof$4' is a function                                                        no-func-assign
  12463:19  warning  Empty block statement                                                            no-empty
  15003:16  warning  '_typeof$3' is a function                                                        no-func-assign
  15006:16  warning  '_typeof$3' is a function                                                        no-func-assign
  15112:38  warning  Unnecessary escape character: \?                                                 no-useless-escape
  15119:19  warning  Empty block statement                                                            no-empty
  19885:28  warning  'tt' is defined but never used                                                   no-unused-vars
  24183:16  warning  '_typeof$2' is a function                                                        no-func-assign
  24186:16  warning  '_typeof$2' is a function                                                        no-func-assign
  24207:11  warning  'ct' is defined but never used                                                   no-unused-vars
  24281:23  warning  Empty block statement                                                            no-empty
  24312:16  warning  '_typeof$1' is a function                                                        no-func-assign
  24315:16  warning  '_typeof$1' is a function                                                        no-func-assign
  26062:16  warning  '_typeof' is a function                                                          no-func-assign
  26065:16  warning  '_typeof' is a function                                                          no-func-assign
  36632:6   warning  '_extends' is a function                                                         no-func-assign
  36675:11  warning  Unsafe usage of ReturnStatement                                                  no-unsafe-finally
  36677:17  warning  Unsafe usage of ThrowStatement                                                   no-unsafe-finally
  36718:6   warning  '_typeof$4' is a function                                                        no-func-assign
  38088:27  warning  'o' is defined but never used                                                    no-unused-vars
  38089:20  warning  'a' is defined but never used                                                    no-unused-vars
  38089:23  warning  'o' is defined but never used                                                    no-unused-vars
  38090:15  warning  'a' is defined but never used                                                    no-unused-vars
  38090:18  warning  'o' is defined but never used                                                    no-unused-vars
  38842:10  warning  'isReactElement' is defined but never used                                       no-unused-vars
  38966:35  warning  'global' is not defined                                                          no-undef
  38967:9   warning  'global' is not defined                                                          no-undef
  39377:6   warning  '_setPrototypeOf$1' is a function                                                no-func-assign
  39396:6   warning  '_getPrototypeOf$1' is a function                                                no-func-assign
  39409:11  warning  Empty block statement                                                            no-empty
  39410:11  warning  '_isNativeReflectConstruct$1' is a function                                      no-func-assign
  39651:5   warning  Expected a 'break' statement before 'case'                                       no-fallthrough
  39653:5   warning  Expected a 'break' statement before 'case'                                       no-fallthrough
  40569:7   warning  Expected a 'break' statement before 'case'                                       no-fallthrough
  40595:7   warning  Expected a 'break' statement before 'case'                                       no-fallthrough
  40602:11  warning  Expected a 'break' statement before 'case'                                       no-fallthrough
  40615:11  warning  Expected a 'break' statement before 'default'                                    no-fallthrough
  40680:7   warning  Expected a 'break' statement before 'default'                                    no-fallthrough
  40747:5   warning  Expected a 'break' statement before 'case'                                       no-fallthrough
  40811:26  warning  Unnecessary escape character: \:                                                 no-useless-escape
  41522:55  warning  '_' is assigned a value but never used                                           no-unused-vars
  42702:21  warning  '_' is already defined                                                           no-redeclare
  42866:21  warning  '_' is already defined                                                           no-redeclare
  43746:27  warning  'a' is defined but never used                                                    no-unused-vars
  43902:21  warning  '_' is already defined                                                           no-redeclare
  45231:21  warning  '_' is already defined                                                           no-redeclare
  45299:21  warning  '_' is already defined                                                           no-redeclare
  45484:3   warning  '_regeneratorRuntime' is a function                                              no-func-assign
  45514:5   warning  'nt' is a function                                                               no-func-assign
  45918:13  warning  Empty block statement                                                            no-empty
  45939:24  warning  'a' is defined but never used                                                    no-unused-vars
  45944:6   warning  '_modernUnmount' is a function                                                   no-func-assign
  45971:18  warning  'a' is defined but never used                                                    no-unused-vars
  45976:6   warning  '_unmount' is a function                                                         no-func-assign
  45989:15  warning  Expected a 'break' statement before 'case'                                       no-fallthrough
  46294:21  warning  '_' is already defined                                                           no-redeclare
  47096:21  warning  '_' is already defined                                                           no-redeclare
  47432:6   warning  '_wrapNativeSuper' is a function                                                 no-func-assign
  47460:5   warning  'define_process_env_default' is assigned a value but never used                  no-unused-vars
  47500:11  warning  Unreachable code                                                                 no-unreachable
  47657:13  warning  Do not access Object.prototype method 'hasOwnProperty' from target object        no-prototype-builtins
  47719:11  warning  Do not access Object.prototype method 'hasOwnProperty' from target object        no-prototype-builtins
  47815:17  warning  Unnecessary escape character: \[                                                 no-useless-escape
  47815:42  warning  Unnecessary escape character: \[                                                 no-useless-escape
  47907:44  warning  Do not access Object.prototype method 'hasOwnProperty' from target object        no-prototype-builtins
  47916:44  warning  Do not access Object.prototype method 'hasOwnProperty' from target object        no-prototype-builtins
  47927:44  warning  Do not access Object.prototype method 'hasOwnProperty' from target object        no-prototype-builtins
  47937:44  warning  Do not access Object.prototype method 'hasOwnProperty' from target object        no-prototype-builtins
  47952:44  warning  Do not access Object.prototype method 'hasOwnProperty' from target object        no-prototype-builtins
  47962:44  warning  Do not access Object.prototype method 'hasOwnProperty' from target object        no-prototype-builtins
  47973:44  warning  Do not access Object.prototype method 'hasOwnProperty' from target object        no-prototype-builtins
  47984:44  warning  Do not access Object.prototype method 'hasOwnProperty' from target object        no-prototype-builtins
  47994:44  warning  Do not access Object.prototype method 'hasOwnProperty' from target object        no-prototype-builtins
  48006:44  warning  Do not access Object.prototype method 'hasOwnProperty' from target object        no-prototype-builtins
  48016:44  warning  Do not access Object.prototype method 'hasOwnProperty' from target object        no-prototype-builtins
  48026:44  warning  Do not access Object.prototype method 'hasOwnProperty' from target object        no-prototype-builtins
  48041:44  warning  Do not access Object.prototype method 'hasOwnProperty' from target object        no-prototype-builtins
  48056:44  warning  Do not access Object.prototype method 'hasOwnProperty' from target object        no-prototype-builtins
  48323:27  warning  Do not access Object.prototype method 'hasOwnProperty' from target object        no-prototype-builtins
  48411:23  warning  'a' is defined but never used                                                    no-unused-vars
  48411:26  warning  'o' is defined but never used                                                    no-unused-vars
  48411:29  warning  's' is defined but never used                                                    no-unused-vars
  48411:32  warning  '_' is defined but never used                                                    no-unused-vars
  48411:35  warning  '$' is defined but never used                                                    no-unused-vars
  48416:6   warning  '_validateRule' is a function                                                    no-func-assign
  48473:17  warning  Expected a 'break' statement before 'case'                                       no-fallthrough
  48599:19  warning  Expected a 'break' statement before 'case'                                       no-fallthrough
  48620:19  warning  Expected a 'break' statement before 'case'                                       no-fallthrough
  48627:26  warning  'ct' is defined but never used                                                   no-unused-vars
  48627:30  warning  'at' is defined but never used                                                   no-unused-vars
  48651:28  warning  'a' is defined but never used                                                    no-unused-vars
  48656:6   warning  '_finishOnAllFailed' is a function                                               no-func-assign
  48680:30  warning  'a' is defined but never used                                                    no-unused-vars
  48685:6   warning  '_finishOnFirstFailed' is a function                                             no-func-assign
  52147:21  warning  '_' is already defined                                                           no-redeclare
  52383:21  warning  '_' is already defined                                                           no-redeclare
  52435:21  warning  '_' is already defined                                                           no-redeclare
  52601:21  warning  '_' is already defined                                                           no-redeclare
  52696:21  warning  '_' is already defined                                                           no-redeclare
  53017:17  warning  Empty block statement                                                            no-empty
  53331:23  warning  '_' is already defined                                                           no-redeclare
  53879:20  warning  'o' is defined but never used                                                    no-unused-vars
  53978:40  warning  's' is defined but never used                                                    no-unused-vars
  54426:25  warning  '_' is assigned a value but never used                                           no-unused-vars
  54427:28  warning  '$' is assigned a value but never used                                           no-unused-vars
  54428:29  warning  '_e' is assigned a value but never used                                          no-unused-vars
  54847:24  warning  'o' is defined but never used                                                    no-unused-vars
  54869:5   warning  'updateCheckedValue' is assigned a value but never used                          no-unused-vars
  54872:5   warning  'updateInstructionIncludes' is assigned a value but never used                   no-unused-vars
  54880:5   warning  'updateFirstCommandExecuted' is assigned a value but never used                  no-unused-vars
  54881:5   warning  'updateSecondCommandExecuted' is assigned a value but never used                 no-unused-vars
  54882:5   warning  'updateThirdCommandExecuted' is assigned a value but never used                  no-unused-vars
  54883:5   warning  'updateFourthCommandExecuted' is assigned a value but never used                 no-unused-vars
  55827:6   warning  '_typeof$3' is a function                                                        no-func-assign
  55930:6   warning  '_typeof$2' is a function                                                        no-func-assign
  56069:11  warning  Unsafe usage of ReturnStatement                                                  no-unsafe-finally
  56071:17  warning  Unsafe usage of ThrowStatement                                                   no-unsafe-finally
  56252:6   warning  '_typeof$1' is a function                                                        no-func-assign
  56400:11  warning  Unsafe usage of ReturnStatement                                                  no-unsafe-finally
  56402:17  warning  Unsafe usage of ThrowStatement                                                   no-unsafe-finally
  56521:6   warning  '_typeof' is a function                                                          no-func-assign
  56671:29  warning  's' is defined but never used                                                    no-unused-vars
  56703:6   warning  '_setPrototypeOf' is a function                                                  no-func-assign
  56755:6   warning  '_getPrototypeOf' is a function                                                  no-func-assign
  57546:27  warning  'a' is assigned a value but never used                                           no-unused-vars

✖ 234 problems (0 errors, 234 warnings)

